  gamescene_manager.cpp
  GameMain.cpp
  Result.cpp
C:\dxlib\DxLib.h(3344,1): warning C4819: ファイルは、現在のコード ページ (932) で表示できない文字を含んでいます。データの損失を防ぐために、ファイルを Unicode 形式で保存してください。 (ソース ファイルをコンパイルしています src\game\game_object\GameMain\GameMain.cpp)
C:\dxlib\DxLib.h(3344,1): warning C4819: ファイルは、現在のコード ページ (932) で表示できない文字を含んでいます。データの損失を防ぐために、ファイルを Unicode 形式で保存してください。 (ソース ファイルをコンパイルしています src\game\game_object\gamescene_manager\gamescene_manager.cpp)
C:\dxlib\DxLib.h(3344,1): warning C4819: ファイルは、現在のコード ページ (932) で表示できない文字を含んでいます。データの損失を防ぐために、ファイルを Unicode 形式で保存してください。 (ソース ファイルをコンパイルしています src\game\game_object\Result\Result.cpp)
C:\Users\oibc23207\Documents\GitHub\god\00_vivid2d 2.8 pazle\game\src\game\game_object\gamescene_manager\gamescene_manager.cpp(10,10): error C2280: 'GameMain::GameMain(void)': 削除された関数を参照しようとしています
C:\Users\oibc23207\Documents\GitHub\god\00_vivid2d 2.8 pazle\game\src\game\game_object\GameMain\GameMain.h(33,1): message : コンパイラが 'GameMain::GameMain' をここに生成しました。
C:\Users\oibc23207\Documents\GitHub\god\00_vivid2d 2.8 pazle\game\src\game\game_object\GameMain\GameMain.h(33,1): message : 'GameMain::GameMain(void)': 関数は、削除済みまたはアクセスできない関数 'Character::Character(void)' を データ メンバー が呼び出すため、暗黙的に削除されました (ソース ファイルをコンパイルしています src\game\game_object\gamescene_manager\gamescene_manager.cpp)
C:\Users\oibc23207\Documents\GitHub\god\00_vivid2d 2.8 pazle\game\src\game\game_object\GameMain\character\character.h(53,1): message : 'Character::Character(void)': 関数は、'Character' に初期化されていない const で修飾されたデータ メンバー 'Character::m_character_move_speed' があるため、暗黙的に削除されました (ソース ファイルをコンパイルしています src\game\game_object\gamescene_manager\gamescene_manager.cpp)
C:\Users\oibc23207\Documents\GitHub\god\00_vivid2d 2.8 pazle\game\src\game\game_object\GameMain\character\character.h(13,14): message : 'Character::m_character_move_speed' の宣言を確認してください (ソース ファイルをコンパイルしています src\game\game_object\gamescene_manager\gamescene_manager.cpp)
C:\Users\oibc23207\Documents\GitHub\god\00_vivid2d 2.8 pazle\game\src\game\game_object\gamescene_manager\gamescene_manager.cpp(11,7): error C2280: 'Title::Title(void)': 削除された関数を参照しようとしています
C:\Users\oibc23207\Documents\GitHub\god\00_vivid2d 2.8 pazle\game\src\game\game_object\Title\Title.h(32,1): message : コンパイラが 'Title::Title' をここに生成しました。
C:\Users\oibc23207\Documents\GitHub\god\00_vivid2d 2.8 pazle\game\src\game\game_object\Title\Title.h(32,1): message : 'Title::Title(void)': 関数は、'Title' に初期化されていない const で修飾されたデータ メンバー 'Title::m_title_logo_height' があるため、暗黙的に削除されました (ソース ファイルをコンパイルしています src\game\game_object\gamescene_manager\gamescene_manager.cpp)
C:\Users\oibc23207\Documents\GitHub\god\00_vivid2d 2.8 pazle\game\src\game\game_object\Title\Title.h(14,12): message : 'Title::m_title_logo_height' の宣言を確認してください (ソース ファイルをコンパイルしています src\game\game_object\gamescene_manager\gamescene_manager.cpp)
C:\Users\oibc23207\Documents\GitHub\god\00_vivid2d 2.8 pazle\game\src\game\game_object\gamescene_manager\gamescene_manager.cpp(14,8): error C2280: 'CREDIT::CREDIT(void)': 削除された関数を参照しようとしています
C:\Users\oibc23207\Documents\GitHub\god\00_vivid2d 2.8 pazle\game\src\game\game_object\credit\credit.h(15,1): message : コンパイラが 'CREDIT::CREDIT' をここに生成しました。
C:\Users\oibc23207\Documents\GitHub\god\00_vivid2d 2.8 pazle\game\src\game\game_object\credit\credit.h(15,1): message : 'CREDIT::CREDIT(void)': 関数は、'CREDIT' に初期化されていない const で修飾されたデータ メンバー 'CREDIT::height' があるため、暗黙的に削除されました (ソース ファイルをコンパイルしています src\game\game_object\gamescene_manager\gamescene_manager.cpp)
C:\Users\oibc23207\Documents\GitHub\god\00_vivid2d 2.8 pazle\game\src\game\game_object\credit\credit.h(8,15): message : 'CREDIT::height' の宣言を確認してください (ソース ファイルをコンパイルしています src\game\game_object\gamescene_manager\gamescene_manager.cpp)
C:\Users\oibc23207\Documents\GitHub\god\00_vivid2d 2.8 pazle\game\src\game\game_object\Result\Result.cpp(7,54): warning C4100: 'target': 引数は関数の本体部で 1 度も参照されません。
C:\Users\oibc23207\Documents\GitHub\god\00_vivid2d 2.8 pazle\game\src\game\game_object\Result\Result.cpp(7,35): warning C4100: 'main': 引数は関数の本体部で 1 度も参照されません。
